{
  "0 debug pnpm:scope": {
    "selected": 1
  },
  "1 info pnpm": {
    "message": "Using hooks from: D:\\b\\Mine\\GIT_Work\\ystd_server\\.pnpmfile.cjs",
    "prefix": "D:\\b\\Mine\\GIT_Work\\ystd_server"
  },
  "2 info pnpm": {
    "message": "readPackage hook is declared. Manifests of dependencies might get overridden",
    "prefix": "D:\\b\\Mine\\GIT_Work\\ystd_server"
  },
  "3 debug pnpm:package-manifest": {
    "initial": {
      "name": "ystd_server",
      "version": "1.0.4",
      "description": "",
      "main": "dist/index.js",
      "module": "dist/index.esm.js",
      "scripts": {
        "build": "npm run build:clean && npm run build:ts",
        "build:ts": "npx rollup -c",
        "build:clean": "rm -rf ./dist/*",
        "test": "jest",
        "tsc": "tsc",
        "republish": "npm run build && npm publish"
      },
      "author": "Yuri Yaryshev",
      "license": "Unlicense",
      "devDependencies": {
        "@babel/core": "^7.13.8",
        "@rollup/plugin-commonjs": "^18.0.0",
        "@rollup/plugin-node-resolve": "^11.2.1",
        "@rollup/plugin-typescript": "^8.2.1",
        "@testing-library/react": "^11.2.5",
        "@types/fs-extra": "^9.0.8",
        "@types/jest": "^26.0.20",
        "@types/react": "^17.0.2",
        "babel-loader": "^8.2.2",
        "inprint": "^1.0.16",
        "jest": "^26.6.3",
        "prettier": "^2.2.1",
        "react": "^17.0.1",
        "react-dom": "^17.0.1",
        "react-is": "^17.0.1",
        "rollup": "^2.40.0",
        "ts-jest": "^26.5.2",
        "tslib": "^2.2.0",
        "typescript": "^4.2.2"
      },
      "peerDependencies": {
        "ystd": ">= 1.0.0"
      },
      "jest": {
        "transform": {
          ".(ts|tsx)": "ts-jest"
        },
        "testRegex": "(/__tests__/.*|\\.(test|spec))\\.(ts|tsx|js)$",
        "moduleFileExtensions": [
          "ts",
          "tsx",
          "js"
        ]
      },
      "dependencies": {
        "@mojotech/json-type-validation": "^3.1.0",
        "app-root-path": "^3.0.0",
        "execa": "^5.0.0",
        "fast-deep-equal": "^3.1.3",
        "fs-extra": "^9.1.0",
        "javascript-stringify": "^2.0.1",
        "moment": "^2.29.1",
        "uuid": "^8.3.2"
      }
    },
    "prefix": "D:\\b\\Mine\\GIT_Work\\ystd_server"
  },
  "4 error pnpm": {
    "err": {
      "name": "TypeError",
      "message": "Cannot read property 'packageIndex' of undefined",
      "stack": "TypeError: Cannot read property 'packageIndex' of undefined\n    at ymultirepoRemap (D:\\b\\Mine\\GIT_Work\\local_packages_list.js:482:66)\n    at readPackage (D:\\b\\Mine\\GIT_Work\\ystd_server\\.pnpmfile.cjs:43:5)\n    at Object.pnpmfile.hooks.readPackage (d:\\ProgsReady\\nvm\\v15.11.0\\node_modules\\pnpm\\dist\\pnpm.cjs:115440:26)\n    at Object.<anonymous> (d:\\ProgsReady\\nvm\\v15.11.0\\node_modules\\pnpm\\dist\\pnpm.cjs:17755:19)\n    at Object.readPackage (d:\\ProgsReady\\nvm\\v15.11.0\\node_modules\\pnpm\\dist\\pnpm.cjs:13596:21)\n    at Object.getContext [as default] (d:\\ProgsReady\\nvm\\v15.11.0\\node_modules\\pnpm\\dist\\pnpm.cjs:89371:39)\n    at async mutateModules (d:\\ProgsReady\\nvm\\v15.11.0\\node_modules\\pnpm\\dist\\pnpm.cjs:114129:17)\n    at async Object.install (d:\\ProgsReady\\nvm\\v15.11.0\\node_modules\\pnpm\\dist\\pnpm.cjs:114095:22)\n    at async Object.handler [as default] (d:\\ProgsReady\\nvm\\v15.11.0\\node_modules\\pnpm\\dist\\pnpm.cjs:117048:29)\n    at async Timeout._onTimeout (d:\\ProgsReady\\nvm\\v15.11.0\\node_modules\\pnpm\\dist\\pnpm.cjs:126265:22)"
    }
  }
}